<?xml version="1.0" encoding="UTF-8"?>
<testsuite xmlns:xsi="http://www.w3.org/2001/XMLSchema-instance" xsi:noNamespaceSchemaLocation="https://maven.apache.org/surefire/maven-surefire-plugin/xsd/surefire-test-report.xsd" name="com.assignment.ecomapp.test.modal.ProductDaoTest" time="0.033" tests="2" errors="1" skipped="1" failures="0">
  <properties>
[...]
</properties>
  <testcase name="testFindOne" classname="com.assignment.ecomapp.test.modal.ProductDaoTest" time="0.018">
    <error type="java.lang.NullPointerException">java.lang.NullPointerException
	at com.assignment.ecomapp.test.modal.ProductDaoTest.testFindOne(ProductDaoTest.java:48)
</error>
  </testcase>
  <testcase name="testBookDaoNotNull" classname="com.assignment.ecomapp.test.modal.ProductDaoTest" time="0">
    <skipped message="public void com.assignment.ecomapp.test.modal.ProductDaoTest.testBookDaoNotNull() is @Disabled"/>
  </testcase>
</testsuite>